2026-01-16T13:54:05.426Z - STDOUT: Executing task for target "default"
2026-01-16T13:54:05.426Z - STDOUT: Synthesizing EDA project "eda.edaproject" using Yosys...
2026-01-16T13:54:05.426Z - STDOUT: 
2026-01-16T13:54:05.426Z - STDOUT: Input files:
2026-01-16T13:54:05.426Z - STDOUT:   ./src/miir1_types.vhdl
2026-01-16T13:54:05.426Z - STDOUT:   ./src/miir1.vhdl
2026-01-16T13:54:05.426Z - STDOUT: 
2026-01-16T13:54:05.426Z - STDOUT: Output files:
2026-01-16T13:54:05.426Z - STDOUT:   out/eda.edaproject/default/stats.yosys.json
2026-01-16T13:54:05.426Z - STDOUT:   out/eda.edaproject/default/rtl.yosys.json
2026-01-16T13:54:05.426Z - STDOUT: 
2026-01-16T13:54:05.450Z - STDOUT: Task commands (Automatic [Native - Managed]):
2026-01-16T13:54:05.450Z - STDOUT:   yosys rtl.ys
2026-01-16T13:54:05.450Z - STDOUT: 
2026-01-16T13:54:05.463Z - STDOUT: === Execute command: 'yosys /Users/jonathan/Documents/Dev/uni/ECA2/stackprocessor/eda/out/eda.edaproject/default/temp/rtl.ys' ===
2026-01-16T13:54:05.937Z - STDOUT: 
2026-01-16T13:54:05.937Z - STDOUT:  /----------------------------------------------------------------------------\
2026-01-16T13:54:05.937Z - STDOUT:  |  yosys -- Yosys Open SYnthesis Suite                                       |
2026-01-16T13:54:05.937Z - STDOUT:  |  Copyright (C) 2012 - 2025  Claire Xenia Wolf <claire@yosyshq.com>         |
2026-01-16T13:54:05.937Z - STDOUT:  |  Distributed under an ISC-like license, type "license" to see terms        |
2026-01-16T13:54:05.937Z - STDOUT:  \----------------------------------------------------------------------------/
2026-01-16T13:54:05.937Z - STDOUT:  Yosys 0.57+263 (git sha1 637665c9d, aarch64-apple-darwin23.5-clang++ 18.1.8 -fPIC -O3)
2026-01-16T13:54:05.937Z - STDOUT: 
2026-01-16T13:54:05.937Z - STDOUT: -- Executing script file `/Users/jonathan/Documents/Dev/uni/ECA2/stackprocessor/eda/out/eda.edaproject/default/temp/rtl.ys' --
2026-01-16T13:54:05.937Z - STDOUT: 
2026-01-16T13:54:05.937Z - STDOUT: 1. Executing GHDL.
2026-01-16T13:54:05.938Z - STDERR: warning: ieee library directory '../../install/lib/ghdl/ieee/v93/' not found
2026-01-16T13:54:05.939Z - STDERR: error: cannot find "std" library
2026-01-16T13:54:05.941Z - STDERR: ERROR: vhdl import failed.
2026-01-16T13:54:05.943Z - STDOUT: === Command finished ===
2026-01-16T13:54:05.943Z - STDOUT: 
2026-01-16T13:54:05.943Z - STDERR: Error: Process exited with code 1
2026-01-16T13:54:05.943Z - STDERR: 	at y.onProcessExit (/Users/jonathan/.vscode/extensions/edacation.edacation-0.9.2/dist/extension/extension.js:1:182958)
2026-01-16T13:54:05.943Z - STDERR: 	at /Users/jonathan/.vscode/extensions/edacation.edacation-0.9.2/dist/extension/extension.js:1:181220
